[21:58:17 INF] ------Приложение успешно запущено (через appsettings.json)------
[21:58:17 INF] Запуск цикла программы
[21:58:17 INF] Выбор вариантов ответа и ввод данных
[21:58:21 INF] Производится добавление задачи
[21:58:22 INF] Начало операции AddTask()
[21:58:22 INF] Задача «das» успешно добавлена
[21:58:22 INF] Конец операции AddTask()
[21:58:22 INF] Время работы AddTask(): 3 ms
[21:58:22 INF] Выбор вариантов ответа и ввод данных
[21:58:23 INF] Производится вывод списка задач
[21:58:23 INF] Начало операции ListTasks()
[21:58:23 INF] Всего выведено задач: 1
[21:58:23 INF] [{"Title":"das","$type":"Task"}]
[21:58:23 INF] Конец операции ListTasks()
[21:58:23 INF] Время работы ListTasks(): 11 ms
[21:58:23 INF] Выбор вариантов ответа и ввод данных
[21:58:24 INF] Производится удаление задачи
[21:58:25 INF] Начало операции RemoveTask()
[21:58:25 INF] Задача «das» операции RemoveTask() успешно удалена.
[21:58:25 INF] Конец операции RemoveTask()
[21:58:25 INF] Время работы RemoveTask(): 2 ms
[21:58:25 INF] Выбор вариантов ответа и ввод данных
[21:58:26 INF] Производится выход из программы
[21:58:26 INF] Общее время работы программы: 9408 мс (9 сек.)
[21:58:26 INF] ------Завершение работы программы------
