[00:05:38 INF] ------Приложение успешно запущено (через appsettings.json)------
[00:05:38 INF] Запуск цикла программы
[00:05:38 INF] Выбор вариантов ответа и ввод данных
[00:05:41 INF] Производится добавление задачи
[00:05:42 INF] Начало операции AddTask()
[00:05:42 ERR] TaskManager.TaskLenghtMinimal: Минимальная длина названия задачи: 2 символа.
   at TaskManager.Program.AddTask(String название_задачи) in D:\Vasnie Progi\C# projects\TaskManager\Program.cs:line 143
   at TaskManager.Program.Main(String[] args) in D:\Vasnie Progi\C# projects\TaskManager\Program.cs:line 70
[00:12:36 INF] ------Приложение успешно запущено (через appsettings.json)------
[00:12:36 INF] Запуск цикла программы
[00:12:36 INF] Выбор вариантов ответа и ввод данных
[00:12:38 WRN] Непредвиденная некритичная ошибка программы.
[00:12:38 INF] Выбор вариантов ответа и ввод данных
[00:12:41 WRN] Непредвиденная некритичная ошибка программы.
[00:12:41 INF] Выбор вариантов ответа и ввод данных
[00:13:33 INF] ------Приложение успешно запущено (через appsettings.json)------
[00:13:33 INF] Запуск цикла программы
[00:13:33 INF] Выбор вариантов ответа и ввод данных
[00:13:35 ERR] TaskManager.NullOrWhiteSpace: Ввод при выборе задачи пуст.
   at TaskManager.Program.Main(String[] args) in D:\Vasnie Progi\C# projects\TaskManager\Program.cs:line 64
[00:13:35 INF] Выбор вариантов ответа и ввод данных
[00:13:49 INF] Правильного ввода команды не произошло
[00:13:49 INF] Выбор вариантов ответа и ввод данных
[00:14:23 INF] ------Приложение успешно запущено (через appsettings.json)------
[00:14:23 INF] Запуск цикла программы
[00:14:23 INF] Выбор вариантов ответа и ввод данных
[00:14:24 WRN] Правильного ввода команды не произошло
[00:14:24 INF] Выбор вариантов ответа и ввод данных
[00:14:31 INF] Производится добавление задачи
[00:14:33 INF] Начало операции AddTask()
[00:14:33 ERR] TaskManager.TaskLenghtMinimal: Минимальная длина названия задачи: 2 символа.
   at TaskManager.Program.AddTask(String название_задачи) in D:\Vasnie Progi\C# projects\TaskManager\Program.cs:line 152
   at TaskManager.Program.Main(String[] args) in D:\Vasnie Progi\C# projects\TaskManager\Program.cs:line 75
[00:14:33 INF] Выбор вариантов ответа и ввод данных
[00:14:44 INF] Производится вывод списка задач
[00:14:44 INF] Начало операции ListTasks()
[00:14:44 INF] Выведенный список задач пуст
[00:14:44 INF] Конец операции ListTasks()
[00:14:44 INF] Время работы ListTasks(): 2 ms
[00:14:44 INF] Выбор вариантов ответа и ввод данных
[00:14:56 INF] Производится удаление задачи
[00:14:59 INF] Начало операции RemoveTask()
[00:14:59 ERR] Задача «as» не найдена.
[00:14:59 INF] Конец операции RemoveTask()
[00:14:59 INF] Время работы RemoveTask(): 2 ms
[00:14:59 INF] Выбор вариантов ответа и ввод данных
[00:15:07 INF] Производится добавление задачи
[00:15:12 INF] Начало операции AddTask()
[00:15:12 INF] Задача «sa» успешно добавлена
[00:15:12 INF] Конец операции AddTask()
[00:15:12 INF] Время работы AddTask(): 2 ms
[00:15:12 INF] Выбор вариантов ответа и ввод данных
[00:15:20 ERR] TaskManager.NullOrWhiteSpace: Ввод при выборе задачи пуст.
   at TaskManager.Program.Main(String[] args) in D:\Vasnie Progi\C# projects\TaskManager\Program.cs:line 64
[00:15:20 INF] Выбор вариантов ответа и ввод данных
[00:15:35 WRN] Правильного ввода команды не произошло
[00:15:35 INF] Выбор вариантов ответа и ввод данных
[00:15:43 ERR] TaskManager.NullOrWhiteSpace: Ввод при выборе задачи пуст.
   at TaskManager.Program.Main(String[] args) in D:\Vasnie Progi\C# projects\TaskManager\Program.cs:line 64
[00:15:43 INF] Выбор вариантов ответа и ввод данных
[00:15:44 ERR] TaskManager.NullOrWhiteSpace: Ввод при выборе задачи пуст.
   at TaskManager.Program.Main(String[] args) in D:\Vasnie Progi\C# projects\TaskManager\Program.cs:line 64
[00:15:44 INF] Выбор вариантов ответа и ввод данных
[00:15:50 INF] Производится выход из программы
[00:15:50 INF] Общее время работы программы: 87084 мс (87 сек.)
[00:15:50 INF] ------Завершение работы программы------
[00:19:57 INF] ------Приложение успешно запущено (через appsettings.json)------
[00:19:57 INF] Запуск цикла программы
[00:19:57 INF] Выбор вариантов ответа и ввод данных
[00:20:00 INF] Производится добавление задачи
[00:20:03 INF] Начало операции AddTask()
[00:20:03 INF] Задача «выф вфы » успешно добавлена
[00:20:03 INF] Конец операции AddTask()
[00:20:03 INF] Время работы AddTask(): 2 ms
[00:20:03 INF] Выбор вариантов ответа и ввод данных
[00:20:07 INF] Производится вывод списка задач
[00:20:07 INF] Начало операции ListTasks()
[00:20:07 INF] Всего выведено задач: 1
[00:20:07 INF] [{"Title":"выф вфы ","$type":"Task"}]
[00:20:07 INF] Конец операции ListTasks()
[00:20:07 INF] Время работы ListTasks(): 11 ms
[00:20:07 INF] Выбор вариантов ответа и ввод данных
[00:32:35 INF] ------Приложение успешно запущено (через appsettings.json)------
[00:32:35 INF] Запуск цикла программы
[00:32:35 INF] Выбор вариантов ответа и ввод данных
[00:32:41 INF] Производится добавление задачи
[00:32:42 INF] Начало операции AddTask()
[00:32:42 INF] Задача «выф» успешно добавлена
[00:32:42 INF] Конец операции AddTask()
[00:32:42 INF] Время работы AddTask(): 2 ms
[00:32:42 INF] Выбор вариантов ответа и ввод данных
[00:32:44 INF] Производится вывод списка задач
[00:32:44 INF] Начало операции ListTasks()
[00:32:44 INF] Всего выведено задач: 1
[00:32:44 INF] [{"Title":"выф","$type":"Task"}]
[00:32:44 INF] Конец операции ListTasks()
[00:32:44 INF] Время работы ListTasks(): 11 ms
[00:32:44 INF] Выбор вариантов ответа и ввод данных
[00:32:45 INF] Производится выход из программы
[00:32:45 INF] Общее время работы программы: 9246 мс (9 сек.)
[00:32:45 INF] ------Завершение работы программы------
